mode: set
github.com/louiss0/javascript-package-delegator/cmd/agent.go:20.35,38.55 1 1
github.com/louiss0/javascript-package-delegator/cmd/agent.go:38.55,42.18 2 1
github.com/louiss0/javascript-package-delegator/cmd/agent.go:42.18,44.5 1 0
github.com/louiss0/javascript-package-delegator/cmd/agent.go:47.4,47.16 1 1
github.com/louiss0/javascript-package-delegator/cmd/agent.go:47.16,49.5 1 1
github.com/louiss0/javascript-package-delegator/cmd/agent.go:52.4,56.43 3 1
github.com/louiss0/javascript-package-delegator/cmd/agent.go:56.43,58.5 1 0
github.com/louiss0/javascript-package-delegator/cmd/agent.go:61.4,65.49 2 1
github.com/louiss0/javascript-package-delegator/cmd/agent.go:65.49,67.5 1 1
github.com/louiss0/javascript-package-delegator/cmd/agent.go:72.4,76.26 3 1
github.com/louiss0/javascript-package-delegator/cmd/agent.go:81.2,83.12 2 1
github.com/louiss0/javascript-package-delegator/cmd/clean-install.go:40.65,53.55 1 1
github.com/louiss0/javascript-package-delegator/cmd/clean-install.go:53.55,61.14 6 1
github.com/louiss0/javascript-package-delegator/cmd/clean-install.go:62.15,63.29 1 1
github.com/louiss0/javascript-package-delegator/cmd/clean-install.go:65.16,71.59 2 1
github.com/louiss0/javascript-package-delegator/cmd/clean-install.go:71.59,74.6 1 1
github.com/louiss0/javascript-package-delegator/cmd/clean-install.go:74.11,77.6 1 1
github.com/louiss0/javascript-package-delegator/cmd/clean-install.go:79.16,80.55 1 1
github.com/louiss0/javascript-package-delegator/cmd/clean-install.go:82.15,83.55 1 1
github.com/louiss0/javascript-package-delegator/cmd/clean-install.go:85.16,86.59 1 1
github.com/louiss0/javascript-package-delegator/cmd/clean-install.go:88.12,89.61 1 1
github.com/louiss0/javascript-package-delegator/cmd/clean-install.go:92.4,93.18 2 1
github.com/louiss0/javascript-package-delegator/cmd/clean-install.go:93.18,95.5 1 0
github.com/louiss0/javascript-package-delegator/cmd/clean-install.go:101.4,105.40 2 1
github.com/louiss0/javascript-package-delegator/cmd/clean-install.go:105.40,113.44 3 0
github.com/louiss0/javascript-package-delegator/cmd/clean-install.go:113.44,115.6 1 0
github.com/louiss0/javascript-package-delegator/cmd/clean-install.go:116.5,116.87 1 0
github.com/louiss0/javascript-package-delegator/cmd/clean-install.go:117.10,121.44 2 1
github.com/louiss0/javascript-package-delegator/cmd/clean-install.go:121.44,123.6 1 0
github.com/louiss0/javascript-package-delegator/cmd/clean-install.go:124.5,124.49 1 1
github.com/louiss0/javascript-package-delegator/cmd/clean-install.go:127.4,127.26 1 1
github.com/louiss0/javascript-package-delegator/cmd/clean-install.go:131.2,133.12 2 1
github.com/louiss0/javascript-package-delegator/cmd/completion.go:24.36,32.2 1 1
github.com/louiss0/javascript-package-delegator/cmd/completion.go:35.51,46.2 1 1
github.com/louiss0/javascript-package-delegator/cmd/completion.go:49.40,87.55 2 1
github.com/louiss0/javascript-package-delegator/cmd/completion.go:87.55,96.22 4 1
github.com/louiss0/javascript-package-delegator/cmd/completion.go:96.22,99.5 1 1
github.com/louiss0/javascript-package-delegator/cmd/completion.go:101.4,105.68 3 1
github.com/louiss0/javascript-package-delegator/cmd/completion.go:105.68,108.5 1 1
github.com/louiss0/javascript-package-delegator/cmd/completion.go:109.4,109.14 1 1
github.com/louiss0/javascript-package-delegator/cmd/completion.go:111.55,116.18 4 1
github.com/louiss0/javascript-package-delegator/cmd/completion.go:116.18,118.5 1 0
github.com/louiss0/javascript-package-delegator/cmd/completion.go:120.4,120.66 1 1
github.com/louiss0/javascript-package-delegator/cmd/completion.go:125.2,128.22 3 1
github.com/louiss0/javascript-package-delegator/cmd/completion.go:132.102,137.20 3 1
github.com/louiss0/javascript-package-delegator/cmd/completion.go:137.20,139.3 1 1
github.com/louiss0/javascript-package-delegator/cmd/completion.go:139.8,142.48 2 1
github.com/louiss0/javascript-package-delegator/cmd/completion.go:142.48,144.4 1 1
github.com/louiss0/javascript-package-delegator/cmd/completion.go:147.3,148.17 2 1
github.com/louiss0/javascript-package-delegator/cmd/completion.go:148.17,150.4 1 0
github.com/louiss0/javascript-package-delegator/cmd/completion.go:151.3,152.11 2 1
github.com/louiss0/javascript-package-delegator/cmd/completion.go:156.2,156.17 1 1
github.com/louiss0/javascript-package-delegator/cmd/completion.go:156.17,157.16 1 1
github.com/louiss0/javascript-package-delegator/cmd/completion.go:157.16,158.41 1 1
github.com/louiss0/javascript-package-delegator/cmd/completion.go:158.41,160.5 1 0
github.com/louiss0/javascript-package-delegator/cmd/completion.go:165.2,166.15 2 1
github.com/louiss0/javascript-package-delegator/cmd/completion.go:167.14,168.63 1 1
github.com/louiss0/javascript-package-delegator/cmd/completion.go:169.13,170.53 1 1
github.com/louiss0/javascript-package-delegator/cmd/completion.go:171.14,172.61 1 1
github.com/louiss0/javascript-package-delegator/cmd/completion.go:173.20,174.68 1 1
github.com/louiss0/javascript-package-delegator/cmd/completion.go:175.17,177.27 2 1
github.com/louiss0/javascript-package-delegator/cmd/completion.go:177.27,179.4 1 0
github.com/louiss0/javascript-package-delegator/cmd/completion.go:180.10,181.52 1 0
github.com/louiss0/javascript-package-delegator/cmd/completion.go:184.2,184.26 1 1
github.com/louiss0/javascript-package-delegator/cmd/completion.go:184.26,186.3 1 0
github.com/louiss0/javascript-package-delegator/cmd/completion.go:189.2,189.19 1 1
github.com/louiss0/javascript-package-delegator/cmd/completion.go:189.19,195.16 4 1
github.com/louiss0/javascript-package-delegator/cmd/completion.go:196.15,197.54 1 1
github.com/louiss0/javascript-package-delegator/cmd/completion.go:198.14,199.53 1 1
github.com/louiss0/javascript-package-delegator/cmd/completion.go:200.15,201.54 1 1
github.com/louiss0/javascript-package-delegator/cmd/completion.go:202.18,203.57 1 1
github.com/louiss0/javascript-package-delegator/cmd/completion.go:204.21,205.60 1 1
github.com/louiss0/javascript-package-delegator/cmd/completion.go:209.3,209.23 1 1
github.com/louiss0/javascript-package-delegator/cmd/completion.go:209.23,211.18 2 1
github.com/louiss0/javascript-package-delegator/cmd/completion.go:211.18,213.5 1 0
github.com/louiss0/javascript-package-delegator/cmd/completion.go:217.2,217.12 1 1
github.com/louiss0/javascript-package-delegator/cmd/dlx.go:39.33,53.55 1 1
github.com/louiss0/javascript-package-delegator/cmd/dlx.go:53.55,62.43 7 1
github.com/louiss0/javascript-package-delegator/cmd/dlx.go:62.43,64.5 1 0
github.com/louiss0/javascript-package-delegator/cmd/dlx.go:67.4,70.14 3 1
github.com/louiss0/javascript-package-delegator/cmd/dlx.go:71.15,74.46 3 1
github.com/louiss0/javascript-package-delegator/cmd/dlx.go:76.16,82.19 2 1
github.com/louiss0/javascript-package-delegator/cmd/dlx.go:82.19,87.6 3 1
github.com/louiss0/javascript-package-delegator/cmd/dlx.go:87.11,87.52 1 1
github.com/louiss0/javascript-package-delegator/cmd/dlx.go:87.52,92.6 3 1
github.com/louiss0/javascript-package-delegator/cmd/dlx.go:92.11,97.6 3 1
github.com/louiss0/javascript-package-delegator/cmd/dlx.go:99.16,102.46 3 1
github.com/louiss0/javascript-package-delegator/cmd/dlx.go:104.15,107.46 3 1
github.com/louiss0/javascript-package-delegator/cmd/dlx.go:109.16,110.70 1 0
github.com/louiss0/javascript-package-delegator/cmd/dlx.go:112.12,113.61 1 1
github.com/louiss0/javascript-package-delegator/cmd/dlx.go:117.4,120.43 3 1
github.com/louiss0/javascript-package-delegator/cmd/dlx.go:120.43,122.5 1 0
github.com/louiss0/javascript-package-delegator/cmd/dlx.go:124.4,124.26 1 1
github.com/louiss0/javascript-package-delegator/cmd/dlx.go:128.2,128.12 1 1
github.com/louiss0/javascript-package-delegator/cmd/exec.go:39.34,53.55 1 1
github.com/louiss0/javascript-package-delegator/cmd/exec.go:53.55,62.43 7 1
github.com/louiss0/javascript-package-delegator/cmd/exec.go:62.43,64.5 1 0
github.com/louiss0/javascript-package-delegator/cmd/exec.go:67.4,70.14 3 1
github.com/louiss0/javascript-package-delegator/cmd/exec.go:71.15,74.46 3 1
github.com/louiss0/javascript-package-delegator/cmd/exec.go:76.16,82.19 2 1
github.com/louiss0/javascript-package-delegator/cmd/exec.go:82.19,87.6 3 1
github.com/louiss0/javascript-package-delegator/cmd/exec.go:87.11,87.52 1 1
github.com/louiss0/javascript-package-delegator/cmd/exec.go:87.52,92.6 3 1
github.com/louiss0/javascript-package-delegator/cmd/exec.go:92.11,97.6 3 1
github.com/louiss0/javascript-package-delegator/cmd/exec.go:99.16,102.46 3 1
github.com/louiss0/javascript-package-delegator/cmd/exec.go:104.15,107.46 3 1
github.com/louiss0/javascript-package-delegator/cmd/exec.go:109.16,110.70 1 1
github.com/louiss0/javascript-package-delegator/cmd/exec.go:112.12,113.61 1 1
github.com/louiss0/javascript-package-delegator/cmd/exec.go:117.4,120.43 3 1
github.com/louiss0/javascript-package-delegator/cmd/exec.go:120.43,122.5 1 0
github.com/louiss0/javascript-package-delegator/cmd/exec.go:124.4,124.26 1 1
github.com/louiss0/javascript-package-delegator/cmd/exec.go:128.2,128.12 1 1
github.com/louiss0/javascript-package-delegator/cmd/install.go:58.82,65.75 1 0
github.com/louiss0/javascript-package-delegator/cmd/install.go:65.75,73.7 1 0
github.com/louiss0/javascript-package-delegator/cmd/install.go:78.49,80.2 1 0
github.com/louiss0/javascript-package-delegator/cmd/install.go:82.44,84.2 1 0
github.com/louiss0/javascript-package-delegator/cmd/install.go:90.130,107.55 2 1
github.com/louiss0/javascript-package-delegator/cmd/install.go:107.55,115.4 1 1
github.com/louiss0/javascript-package-delegator/cmd/install.go:116.55,126.33 7 1
github.com/louiss0/javascript-package-delegator/cmd/install.go:126.33,131.19 3 1
github.com/louiss0/javascript-package-delegator/cmd/install.go:131.19,133.6 1 0
github.com/louiss0/javascript-package-delegator/cmd/install.go:135.5,135.30 1 1
github.com/louiss0/javascript-package-delegator/cmd/install.go:135.30,137.6 1 1
github.com/louiss0/javascript-package-delegator/cmd/install.go:139.5,141.52 2 1
github.com/louiss0/javascript-package-delegator/cmd/install.go:141.52,143.6 1 0
github.com/louiss0/javascript-package-delegator/cmd/install.go:145.5,145.51 1 1
github.com/louiss0/javascript-package-delegator/cmd/install.go:149.4,149.14 1 1
github.com/louiss0/javascript-package-delegator/cmd/install.go:150.15,151.23 1 1
github.com/louiss0/javascript-package-delegator/cmd/install.go:151.23,153.6 1 1
github.com/louiss0/javascript-package-delegator/cmd/install.go:153.11,158.6 1 1
github.com/louiss0/javascript-package-delegator/cmd/install.go:159.5,159.50 1 1
github.com/louiss0/javascript-package-delegator/cmd/install.go:159.50,161.6 1 1
github.com/louiss0/javascript-package-delegator/cmd/install.go:162.5,162.59 1 1
github.com/louiss0/javascript-package-delegator/cmd/install.go:162.59,164.6 1 1
github.com/louiss0/javascript-package-delegator/cmd/install.go:165.5,165.71 1 1
github.com/louiss0/javascript-package-delegator/cmd/install.go:165.71,167.6 1 1
github.com/louiss0/javascript-package-delegator/cmd/install.go:168.5,168.59 1 1
github.com/louiss0/javascript-package-delegator/cmd/install.go:168.59,170.6 1 1
github.com/louiss0/javascript-package-delegator/cmd/install.go:172.16,173.23 1 1
github.com/louiss0/javascript-package-delegator/cmd/install.go:173.23,175.6 1 1
github.com/louiss0/javascript-package-delegator/cmd/install.go:175.11,180.6 1 1
github.com/louiss0/javascript-package-delegator/cmd/install.go:181.5,181.50 1 1
github.com/louiss0/javascript-package-delegator/cmd/install.go:181.50,183.6 1 1
github.com/louiss0/javascript-package-delegator/cmd/install.go:184.5,184.59 1 1
github.com/louiss0/javascript-package-delegator/cmd/install.go:184.59,186.6 1 1
github.com/louiss0/javascript-package-delegator/cmd/install.go:187.5,187.71 1 1
github.com/louiss0/javascript-package-delegator/cmd/install.go:187.71,189.6 1 1
github.com/louiss0/javascript-package-delegator/cmd/install.go:190.5,190.59 1 1
github.com/louiss0/javascript-package-delegator/cmd/install.go:190.59,192.6 1 1
github.com/louiss0/javascript-package-delegator/cmd/install.go:194.16,195.23 1 1
github.com/louiss0/javascript-package-delegator/cmd/install.go:195.23,197.6 1 1
github.com/louiss0/javascript-package-delegator/cmd/install.go:197.11,203.6 1 1
github.com/louiss0/javascript-package-delegator/cmd/install.go:204.5,204.50 1 1
github.com/louiss0/javascript-package-delegator/cmd/install.go:204.50,206.6 1 1
github.com/louiss0/javascript-package-delegator/cmd/install.go:207.5,207.59 1 1
github.com/louiss0/javascript-package-delegator/cmd/install.go:207.59,209.6 1 1
github.com/louiss0/javascript-package-delegator/cmd/install.go:210.5,210.71 1 1
github.com/louiss0/javascript-package-delegator/cmd/install.go:210.71,212.6 1 1
github.com/louiss0/javascript-package-delegator/cmd/install.go:213.5,213.59 1 1
github.com/louiss0/javascript-package-delegator/cmd/install.go:213.59,215.6 1 1
github.com/louiss0/javascript-package-delegator/cmd/install.go:217.15,218.23 1 1
github.com/louiss0/javascript-package-delegator/cmd/install.go:218.23,220.6 1 1
github.com/louiss0/javascript-package-delegator/cmd/install.go:220.11,225.6 1 1
github.com/louiss0/javascript-package-delegator/cmd/install.go:226.5,226.50 1 1
github.com/louiss0/javascript-package-delegator/cmd/install.go:226.50,228.6 1 1
github.com/louiss0/javascript-package-delegator/cmd/install.go:229.5,229.59 1 1
github.com/louiss0/javascript-package-delegator/cmd/install.go:229.59,231.6 1 1
github.com/louiss0/javascript-package-delegator/cmd/install.go:232.5,232.71 1 1
github.com/louiss0/javascript-package-delegator/cmd/install.go:232.71,234.6 1 1
github.com/louiss0/javascript-package-delegator/cmd/install.go:236.16,238.23 1 1
github.com/louiss0/javascript-package-delegator/cmd/install.go:238.23,240.6 1 1
github.com/louiss0/javascript-package-delegator/cmd/install.go:242.5,242.71 1 1
github.com/louiss0/javascript-package-delegator/cmd/install.go:242.71,244.6 1 1
github.com/louiss0/javascript-package-delegator/cmd/install.go:246.5,246.59 1 1
github.com/louiss0/javascript-package-delegator/cmd/install.go:246.59,249.11 2 1
github.com/louiss0/javascript-package-delegator/cmd/install.go:252.5,254.50 2 1
github.com/louiss0/javascript-package-delegator/cmd/install.go:254.50,256.6 1 1
github.com/louiss0/javascript-package-delegator/cmd/install.go:258.12,259.61 1 1
github.com/louiss0/javascript-package-delegator/cmd/install.go:262.4,263.18 2 1
github.com/louiss0/javascript-package-delegator/cmd/install.go:263.18,265.5 1 0
github.com/louiss0/javascript-package-delegator/cmd/install.go:271.4,275.40 2 1
github.com/louiss0/javascript-package-delegator/cmd/install.go:275.40,284.44 3 1
github.com/louiss0/javascript-package-delegator/cmd/install.go:284.44,286.6 1 0
github.com/louiss0/javascript-package-delegator/cmd/install.go:287.5,287.87 1 1
github.com/louiss0/javascript-package-delegator/cmd/install.go:288.10,292.44 2 1
github.com/louiss0/javascript-package-delegator/cmd/install.go:292.44,294.6 1 0
github.com/louiss0/javascript-package-delegator/cmd/install.go:295.5,295.49 1 1
github.com/louiss0/javascript-package-delegator/cmd/install.go:299.4,299.26 1 1
github.com/louiss0/javascript-package-delegator/cmd/install.go:303.2,310.12 7 1
github.com/louiss0/javascript-package-delegator/cmd/integrate.go:19.39,46.55 3 1
github.com/louiss0/javascript-package-delegator/cmd/integrate.go:46.55,48.18 2 0
github.com/louiss0/javascript-package-delegator/cmd/integrate.go:49.16,50.35 1 0
github.com/louiss0/javascript-package-delegator/cmd/integrate.go:51.20,52.39 1 0
github.com/louiss0/javascript-package-delegator/cmd/integrate.go:53.12,55.105 1 0
github.com/louiss0/javascript-package-delegator/cmd/integrate.go:61.2,65.21 4 1
github.com/louiss0/javascript-package-delegator/cmd/integrate.go:69.43,84.55 2 0
github.com/louiss0/javascript-package-delegator/cmd/integrate.go:84.55,86.4 1 0
github.com/louiss0/javascript-package-delegator/cmd/integrate.go:89.2,91.16 2 0
github.com/louiss0/javascript-package-delegator/cmd/integrate.go:95.47,117.55 2 0
github.com/louiss0/javascript-package-delegator/cmd/integrate.go:117.55,119.4 1 0
github.com/louiss0/javascript-package-delegator/cmd/integrate.go:122.2,125.20 3 0
github.com/louiss0/javascript-package-delegator/cmd/integrate.go:129.51,133.16 3 0
github.com/louiss0/javascript-package-delegator/cmd/integrate.go:133.16,136.17 2 0
github.com/louiss0/javascript-package-delegator/cmd/integrate.go:136.17,138.4 1 0
github.com/louiss0/javascript-package-delegator/cmd/integrate.go:139.3,140.13 2 0
github.com/louiss0/javascript-package-delegator/cmd/integrate.go:143.2,143.25 1 0
github.com/louiss0/javascript-package-delegator/cmd/integrate.go:143.25,146.17 2 0
github.com/louiss0/javascript-package-delegator/cmd/integrate.go:146.17,148.4 1 0
github.com/louiss0/javascript-package-delegator/cmd/integrate.go:149.3,150.13 2 0
github.com/louiss0/javascript-package-delegator/cmd/integrate.go:154.2,155.16 2 0
github.com/louiss0/javascript-package-delegator/cmd/integrate.go:155.16,157.3 1 0
github.com/louiss0/javascript-package-delegator/cmd/integrate.go:159.2,160.12 2 0
github.com/louiss0/javascript-package-delegator/cmd/integrate.go:167.55,172.16 3 0
github.com/louiss0/javascript-package-delegator/cmd/integrate.go:172.16,174.3 1 0
github.com/louiss0/javascript-package-delegator/cmd/integrate.go:177.2,178.26 2 0
github.com/louiss0/javascript-package-delegator/cmd/integrate.go:178.26,181.17 2 0
github.com/louiss0/javascript-package-delegator/cmd/integrate.go:181.17,183.4 1 0
github.com/louiss0/javascript-package-delegator/cmd/integrate.go:184.3,185.13 2 0
github.com/louiss0/javascript-package-delegator/cmd/integrate.go:188.2,189.16 2 0
github.com/louiss0/javascript-package-delegator/cmd/integrate.go:189.16,193.3 2 0
github.com/louiss0/javascript-package-delegator/cmd/integrate.go:196.2,197.16 2 0
github.com/louiss0/javascript-package-delegator/cmd/integrate.go:197.16,199.3 1 0
github.com/louiss0/javascript-package-delegator/cmd/integrate.go:202.2,203.16 2 0
github.com/louiss0/javascript-package-delegator/cmd/integrate.go:203.16,205.3 1 0
github.com/louiss0/javascript-package-delegator/cmd/integrate.go:207.2,208.16 2 0
github.com/louiss0/javascript-package-delegator/cmd/integrate.go:208.16,210.3 1 0
github.com/louiss0/javascript-package-delegator/cmd/integrate.go:213.2,214.16 2 0
github.com/louiss0/javascript-package-delegator/cmd/integrate.go:214.16,216.3 1 0
github.com/louiss0/javascript-package-delegator/cmd/integrate.go:218.2,219.12 2 0
github.com/louiss0/javascript-package-delegator/cmd/integrate.go:223.50,225.16 2 0
github.com/louiss0/javascript-package-delegator/cmd/integrate.go:225.16,227.3 1 0
github.com/louiss0/javascript-package-delegator/cmd/integrate.go:228.2,228.15 1 0
github.com/louiss0/javascript-package-delegator/cmd/integrate.go:228.15,229.40 1 0
github.com/louiss0/javascript-package-delegator/cmd/integrate.go:229.40,230.18 1 0
github.com/louiss0/javascript-package-delegator/cmd/integrate.go:230.18,232.5 1 0
github.com/louiss0/javascript-package-delegator/cmd/integrate.go:232.10,234.5 1 0
github.com/louiss0/javascript-package-delegator/cmd/integrate.go:238.2,239.12 2 0
github.com/louiss0/javascript-package-delegator/cmd/root.go:90.71,94.2 1 0
github.com/louiss0/javascript-package-delegator/cmd/root.go:96.62,103.23 5 0
github.com/louiss0/javascript-package-delegator/cmd/root.go:103.23,105.3 1 0
github.com/louiss0/javascript-package-delegator/cmd/root.go:108.56,110.16 2 0
github.com/louiss0/javascript-package-delegator/cmd/root.go:110.16,112.3 1 0
github.com/louiss0/javascript-package-delegator/cmd/root.go:115.2,115.23 1 0
github.com/louiss0/javascript-package-delegator/cmd/root.go:115.23,117.3 1 0
github.com/louiss0/javascript-package-delegator/cmd/root.go:120.2,123.18 2 0
github.com/louiss0/javascript-package-delegator/cmd/root.go:123.18,125.3 1 0
github.com/louiss0/javascript-package-delegator/cmd/root.go:126.2,126.12 1 0
github.com/louiss0/javascript-package-delegator/cmd/root.go:129.37,130.18 1 0
github.com/louiss0/javascript-package-delegator/cmd/root.go:130.18,132.3 1 0
github.com/louiss0/javascript-package-delegator/cmd/root.go:133.2,133.20 1 0
github.com/louiss0/javascript-package-delegator/cmd/root.go:182.56,196.34 1 0
github.com/louiss0/javascript-package-delegator/cmd/root.go:196.34,199.21 2 0
github.com/louiss0/javascript-package-delegator/cmd/root.go:199.21,201.6 1 0
github.com/louiss0/javascript-package-delegator/cmd/root.go:203.5,203.93 1 0
github.com/louiss0/javascript-package-delegator/cmd/root.go:203.93,205.6 1 0
github.com/louiss0/javascript-package-delegator/cmd/root.go:207.5,207.14 1 0
github.com/louiss0/javascript-package-delegator/cmd/root.go:207.14,209.6 1 0
github.com/louiss0/javascript-package-delegator/cmd/root.go:211.5,211.96 1 0
github.com/louiss0/javascript-package-delegator/cmd/root.go:221.40,223.2 1 0
github.com/louiss0/javascript-package-delegator/cmd/root.go:225.38,227.2 1 0
github.com/louiss0/javascript-package-delegator/cmd/root.go:239.53,241.2 1 0
github.com/louiss0/javascript-package-delegator/cmd/root.go:243.56,244.17 1 0
github.com/louiss0/javascript-package-delegator/cmd/root.go:244.17,246.3 1 0
github.com/louiss0/javascript-package-delegator/cmd/root.go:249.89,250.17 1 0
github.com/louiss0/javascript-package-delegator/cmd/root.go:250.17,252.3 1 0
github.com/louiss0/javascript-package-delegator/cmd/root.go:255.82,256.17 1 0
github.com/louiss0/javascript-package-delegator/cmd/root.go:256.17,258.3 1 0
github.com/louiss0/javascript-package-delegator/cmd/root.go:262.51,288.66 2 1
github.com/louiss0/javascript-package-delegator/cmd/root.go:288.66,292.41 2 1
github.com/louiss0/javascript-package-delegator/cmd/root.go:292.41,294.5 1 0
github.com/louiss0/javascript-package-delegator/cmd/root.go:296.4,303.42 4 1
github.com/louiss0/javascript-package-delegator/cmd/root.go:303.42,306.19 2 1
github.com/louiss0/javascript-package-delegator/cmd/root.go:306.19,308.6 1 1
github.com/louiss0/javascript-package-delegator/cmd/root.go:312.4,313.18 2 1
github.com/louiss0/javascript-package-delegator/cmd/root.go:313.18,315.5 1 0
github.com/louiss0/javascript-package-delegator/cmd/root.go:317.4,317.13 1 1
github.com/louiss0/javascript-package-delegator/cmd/root.go:317.13,319.5 1 1
github.com/louiss0/javascript-package-delegator/cmd/root.go:321.4,328.36 2 1
github.com/louiss0/javascript-package-delegator/cmd/root.go:328.36,334.5 1 1
github.com/louiss0/javascript-package-delegator/cmd/root.go:336.4,338.18 3 1
github.com/louiss0/javascript-package-delegator/cmd/root.go:338.18,340.5 1 0
github.com/louiss0/javascript-package-delegator/cmd/root.go:342.4,342.19 1 1
github.com/louiss0/javascript-package-delegator/cmd/root.go:342.19,351.5 4 1
github.com/louiss0/javascript-package-delegator/cmd/root.go:353.4,355.10 2 1
github.com/louiss0/javascript-package-delegator/cmd/root.go:355.10,357.66 1 1
github.com/louiss0/javascript-package-delegator/cmd/root.go:357.66,363.6 1 1
github.com/louiss0/javascript-package-delegator/cmd/root.go:365.5,365.44 1 1
github.com/louiss0/javascript-package-delegator/cmd/root.go:365.44,367.6 1 0
github.com/louiss0/javascript-package-delegator/cmd/root.go:369.5,375.15 4 1
github.com/louiss0/javascript-package-delegator/cmd/root.go:379.4,380.18 2 1
github.com/louiss0/javascript-package-delegator/cmd/root.go:380.18,384.19 3 1
github.com/louiss0/javascript-package-delegator/cmd/root.go:384.19,390.48 3 1
github.com/louiss0/javascript-package-delegator/cmd/root.go:390.48,392.7 1 0
github.com/louiss0/javascript-package-delegator/cmd/root.go:394.6,394.45 1 1
github.com/louiss0/javascript-package-delegator/cmd/root.go:394.45,396.7 1 0
github.com/louiss0/javascript-package-delegator/cmd/root.go:398.6,399.38 2 1
github.com/louiss0/javascript-package-delegator/cmd/root.go:399.38,401.7 1 1
github.com/louiss0/javascript-package-delegator/cmd/root.go:403.6,406.48 3 1
github.com/louiss0/javascript-package-delegator/cmd/root.go:406.48,408.7 1 1
github.com/louiss0/javascript-package-delegator/cmd/root.go:409.6,409.16 1 1
github.com/louiss0/javascript-package-delegator/cmd/root.go:411.5,414.15 4 1
github.com/louiss0/javascript-package-delegator/cmd/root.go:417.4,421.18 3 1
github.com/louiss0/javascript-package-delegator/cmd/root.go:421.18,423.51 1 1
github.com/louiss0/javascript-package-delegator/cmd/root.go:423.51,426.45 1 1
github.com/louiss0/javascript-package-delegator/cmd/root.go:426.45,429.7 2 0
github.com/louiss0/javascript-package-delegator/cmd/root.go:432.6,433.20 2 1
github.com/louiss0/javascript-package-delegator/cmd/root.go:433.20,435.46 1 1
github.com/louiss0/javascript-package-delegator/cmd/root.go:435.46,437.8 1 0
github.com/louiss0/javascript-package-delegator/cmd/root.go:438.7,440.17 3 1
github.com/louiss0/javascript-package-delegator/cmd/root.go:444.6,444.45 1 1
github.com/louiss0/javascript-package-delegator/cmd/root.go:444.45,447.7 2 0
github.com/louiss0/javascript-package-delegator/cmd/root.go:449.6,451.48 2 1
github.com/louiss0/javascript-package-delegator/cmd/root.go:451.48,453.7 1 0
github.com/louiss0/javascript-package-delegator/cmd/root.go:455.6,455.45 1 1
github.com/louiss0/javascript-package-delegator/cmd/root.go:455.45,457.7 1 0
github.com/louiss0/javascript-package-delegator/cmd/root.go:460.6,461.38 2 1
github.com/louiss0/javascript-package-delegator/cmd/root.go:461.38,463.7 1 1
github.com/louiss0/javascript-package-delegator/cmd/root.go:465.6,468.48 3 1
github.com/louiss0/javascript-package-delegator/cmd/root.go:468.48,470.7 1 0
github.com/louiss0/javascript-package-delegator/cmd/root.go:472.6,472.16 1 1
github.com/louiss0/javascript-package-delegator/cmd/root.go:476.5,476.15 1 0
github.com/louiss0/javascript-package-delegator/cmd/root.go:479.4,483.14 4 1
github.com/louiss0/javascript-package-delegator/cmd/root.go:488.2,510.12 15 1
github.com/louiss0/javascript-package-delegator/cmd/root.go:516.13,520.46 1 1
github.com/louiss0/javascript-package-delegator/cmd/root.go:520.46,522.5 1 0
github.com/louiss0/javascript-package-delegator/cmd/root.go:523.110,525.5 1 0
github.com/louiss0/javascript-package-delegator/cmd/root.go:528.29,530.5 1 0
github.com/louiss0/javascript-package-delegator/cmd/root.go:531.58,533.5 1 0
github.com/louiss0/javascript-package-delegator/cmd/root.go:534.51,536.5 1 0
github.com/louiss0/javascript-package-delegator/cmd/root.go:547.16,549.16 2 0
github.com/louiss0/javascript-package-delegator/cmd/root.go:549.16,551.3 1 0
github.com/louiss0/javascript-package-delegator/cmd/root.go:557.75,559.2 1 1
github.com/louiss0/javascript-package-delegator/cmd/root.go:561.75,563.2 1 1
github.com/louiss0/javascript-package-delegator/cmd/root.go:565.96,567.2 1 1
github.com/louiss0/javascript-package-delegator/cmd/root.go:569.63,572.2 2 1
github.com/louiss0/javascript-package-delegator/cmd/run.go:45.57,52.2 1 0
github.com/louiss0/javascript-package-delegator/cmd/run.go:54.40,56.2 1 0
github.com/louiss0/javascript-package-delegator/cmd/run.go:58.37,60.2 1 0
github.com/louiss0/javascript-package-delegator/cmd/run.go:62.88,75.55 1 1
github.com/louiss0/javascript-package-delegator/cmd/run.go:75.55,86.20 6 1
github.com/louiss0/javascript-package-delegator/cmd/run.go:86.20,87.23 1 1
github.com/louiss0/javascript-package-delegator/cmd/run.go:87.23,89.20 2 1
github.com/louiss0/javascript-package-delegator/cmd/run.go:89.20,91.7 1 0
github.com/louiss0/javascript-package-delegator/cmd/run.go:93.6,93.29 1 1
github.com/louiss0/javascript-package-delegator/cmd/run.go:93.29,95.7 1 1
github.com/louiss0/javascript-package-delegator/cmd/run.go:97.6,97.35 1 1
github.com/louiss0/javascript-package-delegator/cmd/run.go:97.35,103.7 1 1
github.com/louiss0/javascript-package-delegator/cmd/run.go:105.6,107.49 2 1
github.com/louiss0/javascript-package-delegator/cmd/run.go:107.49,109.7 1 0
github.com/louiss0/javascript-package-delegator/cmd/run.go:111.6,111.46 1 1
github.com/louiss0/javascript-package-delegator/cmd/run.go:113.10,114.23 1 1
github.com/louiss0/javascript-package-delegator/cmd/run.go:114.23,116.20 2 1
github.com/louiss0/javascript-package-delegator/cmd/run.go:116.20,118.7 1 0
github.com/louiss0/javascript-package-delegator/cmd/run.go:120.6,120.31 1 1
github.com/louiss0/javascript-package-delegator/cmd/run.go:120.31,122.7 1 1
github.com/louiss0/javascript-package-delegator/cmd/run.go:124.6,124.35 1 1
github.com/louiss0/javascript-package-delegator/cmd/run.go:124.35,130.7 1 1
github.com/louiss0/javascript-package-delegator/cmd/run.go:132.6,134.49 2 1
github.com/louiss0/javascript-package-delegator/cmd/run.go:134.49,136.7 1 0
github.com/louiss0/javascript-package-delegator/cmd/run.go:138.6,138.46 1 1
github.com/louiss0/javascript-package-delegator/cmd/run.go:143.4,145.19 1 1
github.com/louiss0/javascript-package-delegator/cmd/run.go:145.19,147.6 1 1
github.com/louiss0/javascript-package-delegator/cmd/run.go:148.19,150.6 1 1
github.com/louiss0/javascript-package-delegator/cmd/run.go:153.4,155.21 2 1
github.com/louiss0/javascript-package-delegator/cmd/run.go:155.21,157.5 1 1
github.com/louiss0/javascript-package-delegator/cmd/run.go:160.4,161.17 2 1
github.com/louiss0/javascript-package-delegator/cmd/run.go:161.17,163.19 2 1
github.com/louiss0/javascript-package-delegator/cmd/run.go:163.19,165.6 1 1
github.com/louiss0/javascript-package-delegator/cmd/run.go:166.5,166.54 1 1
github.com/louiss0/javascript-package-delegator/cmd/run.go:166.54,167.45 1 1
github.com/louiss0/javascript-package-delegator/cmd/run.go:167.45,169.7 1 0
github.com/louiss0/javascript-package-delegator/cmd/run.go:170.6,170.16 1 1
github.com/louiss0/javascript-package-delegator/cmd/run.go:174.4,174.43 1 1
github.com/louiss0/javascript-package-delegator/cmd/run.go:174.43,176.5 1 0
github.com/louiss0/javascript-package-delegator/cmd/run.go:178.4,179.14 2 1
github.com/louiss0/javascript-package-delegator/cmd/run.go:180.15,182.28 2 1
github.com/louiss0/javascript-package-delegator/cmd/run.go:182.28,185.6 2 1
github.com/louiss0/javascript-package-delegator/cmd/run.go:186.5,186.18 1 1
github.com/louiss0/javascript-package-delegator/cmd/run.go:186.18,188.6 1 1
github.com/louiss0/javascript-package-delegator/cmd/run.go:190.16,192.45 2 1
github.com/louiss0/javascript-package-delegator/cmd/run.go:194.16,196.28 2 1
github.com/louiss0/javascript-package-delegator/cmd/run.go:196.28,199.6 2 1
github.com/louiss0/javascript-package-delegator/cmd/run.go:200.5,200.18 1 1
github.com/louiss0/javascript-package-delegator/cmd/run.go:200.18,202.6 1 1
github.com/louiss0/javascript-package-delegator/cmd/run.go:204.15,206.45 2 1
github.com/louiss0/javascript-package-delegator/cmd/run.go:208.16,211.42 2 1
github.com/louiss0/javascript-package-delegator/cmd/run.go:211.42,213.6 1 1
github.com/louiss0/javascript-package-delegator/cmd/run.go:215.5,215.45 1 1
github.com/louiss0/javascript-package-delegator/cmd/run.go:217.12,218.61 1 1
github.com/louiss0/javascript-package-delegator/cmd/run.go:222.4,225.43 3 1
github.com/louiss0/javascript-package-delegator/cmd/run.go:225.43,227.5 1 0
github.com/louiss0/javascript-package-delegator/cmd/run.go:229.4,229.26 1 1
github.com/louiss0/javascript-package-delegator/cmd/run.go:234.2,236.12 2 1
github.com/louiss0/javascript-package-delegator/cmd/run.go:243.72,245.16 2 1
github.com/louiss0/javascript-package-delegator/cmd/run.go:245.16,247.3 1 0
github.com/louiss0/javascript-package-delegator/cmd/run.go:249.2,251.16 3 1
github.com/louiss0/javascript-package-delegator/cmd/run.go:251.16,253.3 1 1
github.com/louiss0/javascript-package-delegator/cmd/run.go:255.2,256.51 2 1
github.com/louiss0/javascript-package-delegator/cmd/run.go:256.51,258.3 1 1
github.com/louiss0/javascript-package-delegator/cmd/run.go:260.2,260.18 1 1
github.com/louiss0/javascript-package-delegator/cmd/run.go:267.40,269.16 2 1
github.com/louiss0/javascript-package-delegator/cmd/run.go:269.16,271.3 1 0
github.com/louiss0/javascript-package-delegator/cmd/run.go:273.2,275.16 3 1
github.com/louiss0/javascript-package-delegator/cmd/run.go:275.16,277.3 1 0
github.com/louiss0/javascript-package-delegator/cmd/run.go:279.2,280.51 2 1
github.com/louiss0/javascript-package-delegator/cmd/run.go:280.51,282.3 1 0
github.com/louiss0/javascript-package-delegator/cmd/run.go:284.2,284.18 1 1
github.com/louiss0/javascript-package-delegator/cmd/uninstall.go:23.74,30.2 1 0
github.com/louiss0/javascript-package-delegator/cmd/uninstall.go:32.52,34.2 1 0
github.com/louiss0/javascript-package-delegator/cmd/uninstall.go:36.46,38.2 1 0
github.com/louiss0/javascript-package-delegator/cmd/uninstall.go:40.71,47.16 3 1
github.com/louiss0/javascript-package-delegator/cmd/uninstall.go:47.16,49.3 1 0
github.com/louiss0/javascript-package-delegator/cmd/uninstall.go:51.2,53.16 3 1
github.com/louiss0/javascript-package-delegator/cmd/uninstall.go:53.16,55.3 1 0
github.com/louiss0/javascript-package-delegator/cmd/uninstall.go:57.2,59.51 2 1
github.com/louiss0/javascript-package-delegator/cmd/uninstall.go:59.51,61.3 1 0
github.com/louiss0/javascript-package-delegator/cmd/uninstall.go:63.2,65.57 1 1
github.com/louiss0/javascript-package-delegator/cmd/uninstall.go:65.57,67.4 1 1
github.com/louiss0/javascript-package-delegator/cmd/uninstall.go:70.2,70.42 1 1
github.com/louiss0/javascript-package-delegator/cmd/uninstall.go:73.53,79.16 3 1
github.com/louiss0/javascript-package-delegator/cmd/uninstall.go:79.16,81.3 1 0
github.com/louiss0/javascript-package-delegator/cmd/uninstall.go:83.2,85.16 3 1
github.com/louiss0/javascript-package-delegator/cmd/uninstall.go:85.16,87.3 1 0
github.com/louiss0/javascript-package-delegator/cmd/uninstall.go:89.2,91.51 2 1
github.com/louiss0/javascript-package-delegator/cmd/uninstall.go:91.51,93.3 1 0
github.com/louiss0/javascript-package-delegator/cmd/uninstall.go:95.2,97.26 2 1
github.com/louiss0/javascript-package-delegator/cmd/uninstall.go:102.111,114.55 1 1
github.com/louiss0/javascript-package-delegator/cmd/uninstall.go:114.55,116.18 2 1
github.com/louiss0/javascript-package-delegator/cmd/uninstall.go:116.18,118.5 1 0
github.com/louiss0/javascript-package-delegator/cmd/uninstall.go:120.4,124.5 1 1
github.com/louiss0/javascript-package-delegator/cmd/uninstall.go:126.55,132.43 4 1
github.com/louiss0/javascript-package-delegator/cmd/uninstall.go:132.43,134.5 1 0
github.com/louiss0/javascript-package-delegator/cmd/uninstall.go:137.4,140.18 3 1
github.com/louiss0/javascript-package-delegator/cmd/uninstall.go:140.18,142.5 1 0
github.com/louiss0/javascript-package-delegator/cmd/uninstall.go:144.4,146.19 2 1
github.com/louiss0/javascript-package-delegator/cmd/uninstall.go:146.19,155.22 3 1
github.com/louiss0/javascript-package-delegator/cmd/uninstall.go:155.22,158.20 2 1
github.com/louiss0/javascript-package-delegator/cmd/uninstall.go:158.20,160.7 1 0
github.com/louiss0/javascript-package-delegator/cmd/uninstall.go:161.11,164.20 2 1
github.com/louiss0/javascript-package-delegator/cmd/uninstall.go:164.20,166.7 1 0
github.com/louiss0/javascript-package-delegator/cmd/uninstall.go:169.5,169.31 1 1
github.com/louiss0/javascript-package-delegator/cmd/uninstall.go:169.31,171.6 1 1
github.com/louiss0/javascript-package-delegator/cmd/uninstall.go:173.5,175.58 2 1
github.com/louiss0/javascript-package-delegator/cmd/uninstall.go:175.58,177.6 1 0
github.com/louiss0/javascript-package-delegator/cmd/uninstall.go:179.5,179.53 1 1
github.com/louiss0/javascript-package-delegator/cmd/uninstall.go:184.4,185.14 2 1
github.com/louiss0/javascript-package-delegator/cmd/uninstall.go:186.20,190.15 3 1
github.com/louiss0/javascript-package-delegator/cmd/uninstall.go:190.15,192.6 1 1
github.com/louiss0/javascript-package-delegator/cmd/uninstall.go:194.21,198.15 3 1
github.com/louiss0/javascript-package-delegator/cmd/uninstall.go:198.15,200.6 1 1
github.com/louiss0/javascript-package-delegator/cmd/uninstall.go:202.21,206.15 3 1
github.com/louiss0/javascript-package-delegator/cmd/uninstall.go:206.15,208.6 1 1
github.com/louiss0/javascript-package-delegator/cmd/uninstall.go:210.20,214.15 3 1
github.com/louiss0/javascript-package-delegator/cmd/uninstall.go:214.15,216.6 1 1
github.com/louiss0/javascript-package-delegator/cmd/uninstall.go:218.21,219.15 1 1
github.com/louiss0/javascript-package-delegator/cmd/uninstall.go:219.15,221.6 1 1
github.com/louiss0/javascript-package-delegator/cmd/uninstall.go:221.11,223.6 1 1
github.com/louiss0/javascript-package-delegator/cmd/uninstall.go:224.5,224.70 1 1
github.com/louiss0/javascript-package-delegator/cmd/uninstall.go:226.12,227.61 1 1
github.com/louiss0/javascript-package-delegator/cmd/uninstall.go:231.4,234.43 4 1
github.com/louiss0/javascript-package-delegator/cmd/uninstall.go:234.43,236.5 1 0
github.com/louiss0/javascript-package-delegator/cmd/uninstall.go:238.4,238.26 1 1
github.com/louiss0/javascript-package-delegator/cmd/uninstall.go:243.2,248.12 4 1
github.com/louiss0/javascript-package-delegator/cmd/update.go:12.36,25.55 1 1
github.com/louiss0/javascript-package-delegator/cmd/update.go:25.55,32.43 5 1
github.com/louiss0/javascript-package-delegator/cmd/update.go:32.43,34.5 1 0
github.com/louiss0/javascript-package-delegator/cmd/update.go:37.4,43.14 5 1
github.com/louiss0/javascript-package-delegator/cmd/update.go:44.15,45.20 1 1
github.com/louiss0/javascript-package-delegator/cmd/update.go:45.20,47.6 1 1
github.com/louiss0/javascript-package-delegator/cmd/update.go:48.5,48.23 1 1
github.com/louiss0/javascript-package-delegator/cmd/update.go:48.23,50.6 1 1
github.com/louiss0/javascript-package-delegator/cmd/update.go:50.11,53.6 2 1
github.com/louiss0/javascript-package-delegator/cmd/update.go:54.5,54.15 1 1
github.com/louiss0/javascript-package-delegator/cmd/update.go:54.15,56.6 1 1
github.com/louiss0/javascript-package-delegator/cmd/update.go:57.5,57.15 1 1
github.com/louiss0/javascript-package-delegator/cmd/update.go:57.15,59.23 1 1
github.com/louiss0/javascript-package-delegator/cmd/update.go:59.23,61.32 2 1
github.com/louiss0/javascript-package-delegator/cmd/update.go:61.32,63.8 1 1
github.com/louiss0/javascript-package-delegator/cmd/update.go:64.7,64.17 1 1
github.com/louiss0/javascript-package-delegator/cmd/update.go:64.17,66.8 1 1
github.com/louiss0/javascript-package-delegator/cmd/update.go:70.16,71.20 1 1
github.com/louiss0/javascript-package-delegator/cmd/update.go:71.20,73.23 2 1
github.com/louiss0/javascript-package-delegator/cmd/update.go:73.23,75.7 1 1
github.com/louiss0/javascript-package-delegator/cmd/update.go:76.11,77.24 1 1
github.com/louiss0/javascript-package-delegator/cmd/update.go:77.24,79.7 1 1
github.com/louiss0/javascript-package-delegator/cmd/update.go:79.12,82.7 2 1
github.com/louiss0/javascript-package-delegator/cmd/update.go:84.5,84.15 1 1
github.com/louiss0/javascript-package-delegator/cmd/update.go:84.15,86.6 1 1
github.com/louiss0/javascript-package-delegator/cmd/update.go:87.5,87.15 1 1
github.com/louiss0/javascript-package-delegator/cmd/update.go:87.15,89.6 1 1
github.com/louiss0/javascript-package-delegator/cmd/update.go:91.16,92.20 1 1
github.com/louiss0/javascript-package-delegator/cmd/update.go:92.20,94.23 2 1
github.com/louiss0/javascript-package-delegator/cmd/update.go:94.23,96.7 1 1
github.com/louiss0/javascript-package-delegator/cmd/update.go:98.11,99.24 1 1
github.com/louiss0/javascript-package-delegator/cmd/update.go:99.24,101.7 1 1
github.com/louiss0/javascript-package-delegator/cmd/update.go:101.12,104.7 2 1
github.com/louiss0/javascript-package-delegator/cmd/update.go:107.5,107.15 1 1
github.com/louiss0/javascript-package-delegator/cmd/update.go:107.15,109.6 1 1
github.com/louiss0/javascript-package-delegator/cmd/update.go:110.5,110.15 1 1
github.com/louiss0/javascript-package-delegator/cmd/update.go:110.15,112.6 1 1
github.com/louiss0/javascript-package-delegator/cmd/update.go:114.15,115.20 1 1
github.com/louiss0/javascript-package-delegator/cmd/update.go:115.20,117.6 1 1
github.com/louiss0/javascript-package-delegator/cmd/update.go:119.5,119.23 1 1
github.com/louiss0/javascript-package-delegator/cmd/update.go:119.23,121.6 1 1
github.com/louiss0/javascript-package-delegator/cmd/update.go:121.11,124.6 2 1
github.com/louiss0/javascript-package-delegator/cmd/update.go:126.5,126.15 1 1
github.com/louiss0/javascript-package-delegator/cmd/update.go:126.15,128.6 1 1
github.com/louiss0/javascript-package-delegator/cmd/update.go:129.5,129.15 1 1
github.com/louiss0/javascript-package-delegator/cmd/update.go:129.15,131.6 1 1
github.com/louiss0/javascript-package-delegator/cmd/update.go:133.16,136.20 2 1
github.com/louiss0/javascript-package-delegator/cmd/update.go:136.20,138.6 1 1
github.com/louiss0/javascript-package-delegator/cmd/update.go:140.5,140.15 1 1
github.com/louiss0/javascript-package-delegator/cmd/update.go:140.15,142.6 1 1
github.com/louiss0/javascript-package-delegator/cmd/update.go:144.5,144.15 1 1
github.com/louiss0/javascript-package-delegator/cmd/update.go:144.15,145.23 1 1
github.com/louiss0/javascript-package-delegator/cmd/update.go:145.23,151.7 2 1
github.com/louiss0/javascript-package-delegator/cmd/update.go:151.12,153.7 1 1
github.com/louiss0/javascript-package-delegator/cmd/update.go:156.12,157.61 1 1
github.com/louiss0/javascript-package-delegator/cmd/update.go:161.4,164.43 3 1
github.com/louiss0/javascript-package-delegator/cmd/update.go:164.43,166.5 1 0
github.com/louiss0/javascript-package-delegator/cmd/update.go:167.4,167.26 1 1
github.com/louiss0/javascript-package-delegator/cmd/update.go:172.2,176.12 4 1
