mode: set
github.com/louiss0/javascript-package-delegator/cmd/agent.go:18.35,33.55 1 1
github.com/louiss0/javascript-package-delegator/cmd/agent.go:33.55,42.43 3 1
github.com/louiss0/javascript-package-delegator/cmd/agent.go:42.43,44.5 1 0
github.com/louiss0/javascript-package-delegator/cmd/agent.go:47.4,54.26 3 1
github.com/louiss0/javascript-package-delegator/cmd/agent.go:58.2,58.12 1 1
github.com/louiss0/javascript-package-delegator/cmd/clean-install.go:34.65,47.55 1 1
github.com/louiss0/javascript-package-delegator/cmd/clean-install.go:47.55,55.14 5 1
github.com/louiss0/javascript-package-delegator/cmd/clean-install.go:56.15,57.29 1 1
github.com/louiss0/javascript-package-delegator/cmd/clean-install.go:59.16,65.59 2 1
github.com/louiss0/javascript-package-delegator/cmd/clean-install.go:65.59,68.6 1 1
github.com/louiss0/javascript-package-delegator/cmd/clean-install.go:68.11,71.6 1 1
github.com/louiss0/javascript-package-delegator/cmd/clean-install.go:73.16,74.55 1 1
github.com/louiss0/javascript-package-delegator/cmd/clean-install.go:76.15,77.55 1 1
github.com/louiss0/javascript-package-delegator/cmd/clean-install.go:79.16,80.65 1 1
github.com/louiss0/javascript-package-delegator/cmd/clean-install.go:82.12,83.61 1 1
github.com/louiss0/javascript-package-delegator/cmd/clean-install.go:86.4,88.20 2 1
github.com/louiss0/javascript-package-delegator/cmd/clean-install.go:88.20,90.5 1 0
github.com/louiss0/javascript-package-delegator/cmd/clean-install.go:96.4,100.40 2 1
github.com/louiss0/javascript-package-delegator/cmd/clean-install.go:100.40,108.44 3 0
github.com/louiss0/javascript-package-delegator/cmd/clean-install.go:108.44,112.6 1 0
github.com/louiss0/javascript-package-delegator/cmd/clean-install.go:113.10,117.44 2 1
github.com/louiss0/javascript-package-delegator/cmd/clean-install.go:117.44,121.6 1 0
github.com/louiss0/javascript-package-delegator/cmd/clean-install.go:124.4,124.26 1 1
github.com/louiss0/javascript-package-delegator/cmd/clean-install.go:128.2,130.12 2 1
github.com/louiss0/javascript-package-delegator/cmd/exec.go:33.34,47.55 1 1
github.com/louiss0/javascript-package-delegator/cmd/exec.go:47.55,55.43 5 1
github.com/louiss0/javascript-package-delegator/cmd/exec.go:55.43,58.5 1 0
github.com/louiss0/javascript-package-delegator/cmd/exec.go:61.4,64.14 3 1
github.com/louiss0/javascript-package-delegator/cmd/exec.go:65.15,68.46 3 1
github.com/louiss0/javascript-package-delegator/cmd/exec.go:70.16,76.19 2 1
github.com/louiss0/javascript-package-delegator/cmd/exec.go:76.19,81.6 3 1
github.com/louiss0/javascript-package-delegator/cmd/exec.go:81.11,81.52 1 1
github.com/louiss0/javascript-package-delegator/cmd/exec.go:81.52,86.6 3 1
github.com/louiss0/javascript-package-delegator/cmd/exec.go:86.11,91.6 3 1
github.com/louiss0/javascript-package-delegator/cmd/exec.go:93.16,96.46 3 1
github.com/louiss0/javascript-package-delegator/cmd/exec.go:98.15,101.46 3 1
github.com/louiss0/javascript-package-delegator/cmd/exec.go:103.16,104.70 1 1
github.com/louiss0/javascript-package-delegator/cmd/exec.go:106.12,107.61 1 1
github.com/louiss0/javascript-package-delegator/cmd/exec.go:111.4,114.43 3 1
github.com/louiss0/javascript-package-delegator/cmd/exec.go:114.43,117.5 1 0
github.com/louiss0/javascript-package-delegator/cmd/exec.go:119.4,119.26 1 1
github.com/louiss0/javascript-package-delegator/cmd/exec.go:123.2,123.12 1 1
github.com/louiss0/javascript-package-delegator/cmd/install.go:57.82,65.75 1 0
github.com/louiss0/javascript-package-delegator/cmd/install.go:65.75,75.7 1 0
github.com/louiss0/javascript-package-delegator/cmd/install.go:80.49,82.2 1 0
github.com/louiss0/javascript-package-delegator/cmd/install.go:84.44,88.2 1 0
github.com/louiss0/javascript-package-delegator/cmd/install.go:94.130,112.55 2 1
github.com/louiss0/javascript-package-delegator/cmd/install.go:112.55,122.4 1 1
github.com/louiss0/javascript-package-delegator/cmd/install.go:123.55,132.33 6 1
github.com/louiss0/javascript-package-delegator/cmd/install.go:132.33,138.21 3 1
github.com/louiss0/javascript-package-delegator/cmd/install.go:138.21,141.6 1 0
github.com/louiss0/javascript-package-delegator/cmd/install.go:143.5,143.30 1 1
github.com/louiss0/javascript-package-delegator/cmd/install.go:143.30,146.6 1 1
github.com/louiss0/javascript-package-delegator/cmd/install.go:148.5,150.56 2 1
github.com/louiss0/javascript-package-delegator/cmd/install.go:150.56,153.6 1 0
github.com/louiss0/javascript-package-delegator/cmd/install.go:155.5,155.51 1 1
github.com/louiss0/javascript-package-delegator/cmd/install.go:159.4,159.14 1 1
github.com/louiss0/javascript-package-delegator/cmd/install.go:160.15,161.23 1 1
github.com/louiss0/javascript-package-delegator/cmd/install.go:161.23,163.6 1 1
github.com/louiss0/javascript-package-delegator/cmd/install.go:163.11,168.6 1 1
github.com/louiss0/javascript-package-delegator/cmd/install.go:169.5,169.50 1 1
github.com/louiss0/javascript-package-delegator/cmd/install.go:169.50,171.6 1 1
github.com/louiss0/javascript-package-delegator/cmd/install.go:172.5,172.59 1 1
github.com/louiss0/javascript-package-delegator/cmd/install.go:172.59,174.6 1 1
github.com/louiss0/javascript-package-delegator/cmd/install.go:175.5,175.71 1 1
github.com/louiss0/javascript-package-delegator/cmd/install.go:175.71,177.6 1 1
github.com/louiss0/javascript-package-delegator/cmd/install.go:178.5,178.59 1 1
github.com/louiss0/javascript-package-delegator/cmd/install.go:178.59,180.6 1 1
github.com/louiss0/javascript-package-delegator/cmd/install.go:182.16,183.23 1 1
github.com/louiss0/javascript-package-delegator/cmd/install.go:183.23,185.6 1 1
github.com/louiss0/javascript-package-delegator/cmd/install.go:185.11,190.6 1 1
github.com/louiss0/javascript-package-delegator/cmd/install.go:191.5,191.50 1 1
github.com/louiss0/javascript-package-delegator/cmd/install.go:191.50,193.6 1 1
github.com/louiss0/javascript-package-delegator/cmd/install.go:194.5,194.59 1 1
github.com/louiss0/javascript-package-delegator/cmd/install.go:194.59,196.6 1 1
github.com/louiss0/javascript-package-delegator/cmd/install.go:197.5,197.71 1 1
github.com/louiss0/javascript-package-delegator/cmd/install.go:197.71,199.6 1 1
github.com/louiss0/javascript-package-delegator/cmd/install.go:200.5,200.59 1 1
github.com/louiss0/javascript-package-delegator/cmd/install.go:200.59,202.6 1 1
github.com/louiss0/javascript-package-delegator/cmd/install.go:204.16,205.23 1 1
github.com/louiss0/javascript-package-delegator/cmd/install.go:205.23,208.6 1 1
github.com/louiss0/javascript-package-delegator/cmd/install.go:208.11,214.6 1 1
github.com/louiss0/javascript-package-delegator/cmd/install.go:215.5,215.50 1 1
github.com/louiss0/javascript-package-delegator/cmd/install.go:215.50,217.6 1 1
github.com/louiss0/javascript-package-delegator/cmd/install.go:218.5,218.59 1 1
github.com/louiss0/javascript-package-delegator/cmd/install.go:218.59,220.6 1 1
github.com/louiss0/javascript-package-delegator/cmd/install.go:221.5,221.71 1 1
github.com/louiss0/javascript-package-delegator/cmd/install.go:221.71,223.6 1 1
github.com/louiss0/javascript-package-delegator/cmd/install.go:224.5,224.59 1 1
github.com/louiss0/javascript-package-delegator/cmd/install.go:224.59,226.6 1 1
github.com/louiss0/javascript-package-delegator/cmd/install.go:228.15,229.23 1 1
github.com/louiss0/javascript-package-delegator/cmd/install.go:229.23,232.6 1 1
github.com/louiss0/javascript-package-delegator/cmd/install.go:232.11,237.6 1 1
github.com/louiss0/javascript-package-delegator/cmd/install.go:238.5,238.50 1 1
github.com/louiss0/javascript-package-delegator/cmd/install.go:238.50,240.6 1 1
github.com/louiss0/javascript-package-delegator/cmd/install.go:241.5,241.59 1 1
github.com/louiss0/javascript-package-delegator/cmd/install.go:241.59,243.6 1 1
github.com/louiss0/javascript-package-delegator/cmd/install.go:244.5,244.71 1 1
github.com/louiss0/javascript-package-delegator/cmd/install.go:244.71,246.6 1 1
github.com/louiss0/javascript-package-delegator/cmd/install.go:248.16,250.23 1 1
github.com/louiss0/javascript-package-delegator/cmd/install.go:250.23,253.6 1 1
github.com/louiss0/javascript-package-delegator/cmd/install.go:255.5,255.71 1 1
github.com/louiss0/javascript-package-delegator/cmd/install.go:255.71,260.6 1 1
github.com/louiss0/javascript-package-delegator/cmd/install.go:262.5,262.59 1 1
github.com/louiss0/javascript-package-delegator/cmd/install.go:262.59,265.11 2 1
github.com/louiss0/javascript-package-delegator/cmd/install.go:268.5,270.50 2 1
github.com/louiss0/javascript-package-delegator/cmd/install.go:270.50,272.6 1 1
github.com/louiss0/javascript-package-delegator/cmd/install.go:274.12,275.61 1 1
github.com/louiss0/javascript-package-delegator/cmd/install.go:278.4,280.20 2 1
github.com/louiss0/javascript-package-delegator/cmd/install.go:280.20,283.5 1 0
github.com/louiss0/javascript-package-delegator/cmd/install.go:289.4,293.40 2 1
github.com/louiss0/javascript-package-delegator/cmd/install.go:293.40,302.44 3 1
github.com/louiss0/javascript-package-delegator/cmd/install.go:302.44,306.6 1 0
github.com/louiss0/javascript-package-delegator/cmd/install.go:307.10,311.44 2 1
github.com/louiss0/javascript-package-delegator/cmd/install.go:311.44,315.6 1 0
github.com/louiss0/javascript-package-delegator/cmd/install.go:319.4,319.26 1 1
github.com/louiss0/javascript-package-delegator/cmd/install.go:323.2,330.12 7 1
github.com/louiss0/javascript-package-delegator/cmd/root.go:79.74,84.2 1 0
github.com/louiss0/javascript-package-delegator/cmd/root.go:86.34,89.2 1 0
github.com/louiss0/javascript-package-delegator/cmd/root.go:91.57,96.2 3 0
github.com/louiss0/javascript-package-delegator/cmd/root.go:98.51,101.16 2 0
github.com/louiss0/javascript-package-delegator/cmd/root.go:101.16,104.3 1 0
github.com/louiss0/javascript-package-delegator/cmd/root.go:107.2,107.23 1 0
github.com/louiss0/javascript-package-delegator/cmd/root.go:107.23,109.3 1 0
github.com/louiss0/javascript-package-delegator/cmd/root.go:111.2,112.12 2 0
github.com/louiss0/javascript-package-delegator/cmd/root.go:115.31,116.18 1 0
github.com/louiss0/javascript-package-delegator/cmd/root.go:116.18,118.3 1 0
github.com/louiss0/javascript-package-delegator/cmd/root.go:120.2,120.13 1 0
github.com/louiss0/javascript-package-delegator/cmd/root.go:120.13,125.3 2 0
github.com/louiss0/javascript-package-delegator/cmd/root.go:127.2,127.20 1 0
github.com/louiss0/javascript-package-delegator/cmd/root.go:160.56,175.34 1 0
github.com/louiss0/javascript-package-delegator/cmd/root.go:175.34,179.21 2 0
github.com/louiss0/javascript-package-delegator/cmd/root.go:179.21,182.6 1 0
github.com/louiss0/javascript-package-delegator/cmd/root.go:184.5,184.93 1 0
github.com/louiss0/javascript-package-delegator/cmd/root.go:184.93,188.6 1 0
github.com/louiss0/javascript-package-delegator/cmd/root.go:190.5,190.14 1 0
github.com/louiss0/javascript-package-delegator/cmd/root.go:190.14,194.6 1 0
github.com/louiss0/javascript-package-delegator/cmd/root.go:196.5,196.96 1 0
github.com/louiss0/javascript-package-delegator/cmd/root.go:207.40,211.2 1 0
github.com/louiss0/javascript-package-delegator/cmd/root.go:213.38,217.2 1 0
github.com/louiss0/javascript-package-delegator/cmd/root.go:220.51,244.66 2 1
github.com/louiss0/javascript-package-delegator/cmd/root.go:244.66,248.41 2 1
github.com/louiss0/javascript-package-delegator/cmd/root.go:248.41,250.5 1 0
github.com/louiss0/javascript-package-delegator/cmd/root.go:252.4,259.18 4 1
github.com/louiss0/javascript-package-delegator/cmd/root.go:259.18,261.5 1 0
github.com/louiss0/javascript-package-delegator/cmd/root.go:263.4,265.42 2 1
github.com/louiss0/javascript-package-delegator/cmd/root.go:265.42,269.19 2 1
github.com/louiss0/javascript-package-delegator/cmd/root.go:269.19,271.6 1 1
github.com/louiss0/javascript-package-delegator/cmd/root.go:275.4,279.36 1 1
github.com/louiss0/javascript-package-delegator/cmd/root.go:279.36,285.5 1 1
github.com/louiss0/javascript-package-delegator/cmd/root.go:287.4,289.20 2 1
github.com/louiss0/javascript-package-delegator/cmd/root.go:289.20,292.5 1 0
github.com/louiss0/javascript-package-delegator/cmd/root.go:294.4,294.19 1 1
github.com/louiss0/javascript-package-delegator/cmd/root.go:294.19,299.5 3 1
github.com/louiss0/javascript-package-delegator/cmd/root.go:301.4,303.10 2 1
github.com/louiss0/javascript-package-delegator/cmd/root.go:303.10,305.66 1 1
github.com/louiss0/javascript-package-delegator/cmd/root.go:305.66,313.6 1 1
github.com/louiss0/javascript-package-delegator/cmd/root.go:315.5,315.44 1 1
github.com/louiss0/javascript-package-delegator/cmd/root.go:315.44,318.6 1 0
github.com/louiss0/javascript-package-delegator/cmd/root.go:320.5,322.15 3 1
github.com/louiss0/javascript-package-delegator/cmd/root.go:326.4,328.18 2 1
github.com/louiss0/javascript-package-delegator/cmd/root.go:328.18,332.19 2 1
github.com/louiss0/javascript-package-delegator/cmd/root.go:332.19,336.48 2 1
github.com/louiss0/javascript-package-delegator/cmd/root.go:336.48,339.7 1 1
github.com/louiss0/javascript-package-delegator/cmd/root.go:341.6,341.45 1 1
github.com/louiss0/javascript-package-delegator/cmd/root.go:341.45,345.7 1 0
github.com/louiss0/javascript-package-delegator/cmd/root.go:347.6,352.48 4 1
github.com/louiss0/javascript-package-delegator/cmd/root.go:352.48,355.7 1 1
github.com/louiss0/javascript-package-delegator/cmd/root.go:357.6,357.16 1 1
github.com/louiss0/javascript-package-delegator/cmd/root.go:360.5,362.15 3 0
github.com/louiss0/javascript-package-delegator/cmd/root.go:366.4,368.18 2 1
github.com/louiss0/javascript-package-delegator/cmd/root.go:368.18,370.51 1 1
github.com/louiss0/javascript-package-delegator/cmd/root.go:370.51,372.45 1 1
github.com/louiss0/javascript-package-delegator/cmd/root.go:372.45,376.7 2 0
github.com/louiss0/javascript-package-delegator/cmd/root.go:378.6,380.48 2 1
github.com/louiss0/javascript-package-delegator/cmd/root.go:380.48,383.7 1 1
github.com/louiss0/javascript-package-delegator/cmd/root.go:385.6,385.45 1 1
github.com/louiss0/javascript-package-delegator/cmd/root.go:385.45,389.7 1 0
github.com/louiss0/javascript-package-delegator/cmd/root.go:391.6,396.48 4 1
github.com/louiss0/javascript-package-delegator/cmd/root.go:396.48,399.7 1 0
github.com/louiss0/javascript-package-delegator/cmd/root.go:401.6,401.16 1 1
github.com/louiss0/javascript-package-delegator/cmd/root.go:406.4,408.14 3 1
github.com/louiss0/javascript-package-delegator/cmd/root.go:413.2,432.12 12 1
github.com/louiss0/javascript-package-delegator/cmd/root.go:438.13,442.52 1 1
github.com/louiss0/javascript-package-delegator/cmd/root.go:442.52,444.5 1 0
github.com/louiss0/javascript-package-delegator/cmd/root.go:445.110,448.5 1 0
github.com/louiss0/javascript-package-delegator/cmd/root.go:451.29,454.5 1 0
github.com/louiss0/javascript-package-delegator/cmd/root.go:455.51,457.5 1 0
github.com/louiss0/javascript-package-delegator/cmd/root.go:466.16,468.16 2 0
github.com/louiss0/javascript-package-delegator/cmd/root.go:468.16,470.3 1 0
github.com/louiss0/javascript-package-delegator/cmd/root.go:476.75,479.2 1 1
github.com/louiss0/javascript-package-delegator/cmd/root.go:481.96,484.2 1 1
github.com/louiss0/javascript-package-delegator/cmd/root.go:486.63,489.2 2 1
github.com/louiss0/javascript-package-delegator/cmd/run.go:48.57,55.2 1 0
github.com/louiss0/javascript-package-delegator/cmd/run.go:57.40,59.2 1 0
github.com/louiss0/javascript-package-delegator/cmd/run.go:61.37,64.2 1 0
github.com/louiss0/javascript-package-delegator/cmd/run.go:66.88,79.55 1 1
github.com/louiss0/javascript-package-delegator/cmd/run.go:79.55,88.20 4 1
github.com/louiss0/javascript-package-delegator/cmd/run.go:88.20,90.23 1 1
github.com/louiss0/javascript-package-delegator/cmd/run.go:90.23,93.20 2 1
github.com/louiss0/javascript-package-delegator/cmd/run.go:93.20,95.7 1 0
github.com/louiss0/javascript-package-delegator/cmd/run.go:97.6,97.29 1 1
github.com/louiss0/javascript-package-delegator/cmd/run.go:97.29,99.7 1 1
github.com/louiss0/javascript-package-delegator/cmd/run.go:101.6,101.35 1 1
github.com/louiss0/javascript-package-delegator/cmd/run.go:101.35,109.7 1 1
github.com/louiss0/javascript-package-delegator/cmd/run.go:111.6,113.49 2 1
github.com/louiss0/javascript-package-delegator/cmd/run.go:113.49,115.7 1 0
github.com/louiss0/javascript-package-delegator/cmd/run.go:117.6,117.46 1 1
github.com/louiss0/javascript-package-delegator/cmd/run.go:120.10,122.23 1 1
github.com/louiss0/javascript-package-delegator/cmd/run.go:122.23,125.20 2 1
github.com/louiss0/javascript-package-delegator/cmd/run.go:125.20,127.7 1 0
github.com/louiss0/javascript-package-delegator/cmd/run.go:129.6,129.31 1 1
github.com/louiss0/javascript-package-delegator/cmd/run.go:129.31,132.7 1 1
github.com/louiss0/javascript-package-delegator/cmd/run.go:134.6,134.35 1 1
github.com/louiss0/javascript-package-delegator/cmd/run.go:134.35,142.7 1 1
github.com/louiss0/javascript-package-delegator/cmd/run.go:144.6,146.49 2 1
github.com/louiss0/javascript-package-delegator/cmd/run.go:146.49,148.7 1 0
github.com/louiss0/javascript-package-delegator/cmd/run.go:150.6,150.46 1 1
github.com/louiss0/javascript-package-delegator/cmd/run.go:156.4,158.19 1 1
github.com/louiss0/javascript-package-delegator/cmd/run.go:158.19,160.6 1 1
github.com/louiss0/javascript-package-delegator/cmd/run.go:161.19,163.6 1 1
github.com/louiss0/javascript-package-delegator/cmd/run.go:166.4,168.21 2 1
github.com/louiss0/javascript-package-delegator/cmd/run.go:168.21,170.5 1 1
github.com/louiss0/javascript-package-delegator/cmd/run.go:173.4,174.17 2 1
github.com/louiss0/javascript-package-delegator/cmd/run.go:174.17,176.19 2 1
github.com/louiss0/javascript-package-delegator/cmd/run.go:176.19,178.6 1 1
github.com/louiss0/javascript-package-delegator/cmd/run.go:179.5,179.54 1 1
github.com/louiss0/javascript-package-delegator/cmd/run.go:179.54,180.45 1 1
github.com/louiss0/javascript-package-delegator/cmd/run.go:180.45,182.7 1 0
github.com/louiss0/javascript-package-delegator/cmd/run.go:183.6,183.16 1 1
github.com/louiss0/javascript-package-delegator/cmd/run.go:187.4,187.43 1 1
github.com/louiss0/javascript-package-delegator/cmd/run.go:187.43,190.5 1 0
github.com/louiss0/javascript-package-delegator/cmd/run.go:192.4,193.14 2 1
github.com/louiss0/javascript-package-delegator/cmd/run.go:194.15,196.28 2 1
github.com/louiss0/javascript-package-delegator/cmd/run.go:196.28,199.6 2 1
github.com/louiss0/javascript-package-delegator/cmd/run.go:200.5,200.18 1 1
github.com/louiss0/javascript-package-delegator/cmd/run.go:200.18,202.6 1 1
github.com/louiss0/javascript-package-delegator/cmd/run.go:204.16,206.45 2 1
github.com/louiss0/javascript-package-delegator/cmd/run.go:208.16,210.28 2 1
github.com/louiss0/javascript-package-delegator/cmd/run.go:210.28,213.6 2 1
github.com/louiss0/javascript-package-delegator/cmd/run.go:214.5,214.18 1 1
github.com/louiss0/javascript-package-delegator/cmd/run.go:214.18,216.6 1 1
github.com/louiss0/javascript-package-delegator/cmd/run.go:218.15,220.45 2 1
github.com/louiss0/javascript-package-delegator/cmd/run.go:222.16,225.42 2 1
github.com/louiss0/javascript-package-delegator/cmd/run.go:225.42,229.6 1 1
github.com/louiss0/javascript-package-delegator/cmd/run.go:231.5,231.45 1 1
github.com/louiss0/javascript-package-delegator/cmd/run.go:233.12,234.61 1 1
github.com/louiss0/javascript-package-delegator/cmd/run.go:238.4,241.43 3 1
github.com/louiss0/javascript-package-delegator/cmd/run.go:241.43,243.5 1 0
github.com/louiss0/javascript-package-delegator/cmd/run.go:245.4,245.26 1 1
github.com/louiss0/javascript-package-delegator/cmd/run.go:250.2,252.12 2 1
github.com/louiss0/javascript-package-delegator/cmd/run.go:259.72,261.16 2 1
github.com/louiss0/javascript-package-delegator/cmd/run.go:261.16,263.3 1 0
github.com/louiss0/javascript-package-delegator/cmd/run.go:265.2,267.16 3 1
github.com/louiss0/javascript-package-delegator/cmd/run.go:267.16,269.3 1 1
github.com/louiss0/javascript-package-delegator/cmd/run.go:271.2,272.51 2 1
github.com/louiss0/javascript-package-delegator/cmd/run.go:272.51,274.3 1 1
github.com/louiss0/javascript-package-delegator/cmd/run.go:276.2,276.18 1 1
github.com/louiss0/javascript-package-delegator/cmd/run.go:283.40,285.16 2 1
github.com/louiss0/javascript-package-delegator/cmd/run.go:285.16,287.3 1 0
github.com/louiss0/javascript-package-delegator/cmd/run.go:289.2,291.16 3 1
github.com/louiss0/javascript-package-delegator/cmd/run.go:291.16,293.3 1 0
github.com/louiss0/javascript-package-delegator/cmd/run.go:295.2,296.51 2 1
github.com/louiss0/javascript-package-delegator/cmd/run.go:296.51,298.3 1 0
github.com/louiss0/javascript-package-delegator/cmd/run.go:300.2,300.18 1 1
github.com/louiss0/javascript-package-delegator/cmd/uninstall.go:48.74,56.2 1 0
github.com/louiss0/javascript-package-delegator/cmd/uninstall.go:58.52,60.2 1 0
github.com/louiss0/javascript-package-delegator/cmd/uninstall.go:62.46,65.2 1 0
github.com/louiss0/javascript-package-delegator/cmd/uninstall.go:67.71,76.16 3 1
github.com/louiss0/javascript-package-delegator/cmd/uninstall.go:76.16,78.3 1 0
github.com/louiss0/javascript-package-delegator/cmd/uninstall.go:80.2,83.16 3 1
github.com/louiss0/javascript-package-delegator/cmd/uninstall.go:83.16,85.3 1 0
github.com/louiss0/javascript-package-delegator/cmd/uninstall.go:87.2,89.51 2 1
github.com/louiss0/javascript-package-delegator/cmd/uninstall.go:89.51,91.3 1 0
github.com/louiss0/javascript-package-delegator/cmd/uninstall.go:93.2,95.57 1 1
github.com/louiss0/javascript-package-delegator/cmd/uninstall.go:95.57,98.4 1 1
github.com/louiss0/javascript-package-delegator/cmd/uninstall.go:101.2,101.42 1 1
github.com/louiss0/javascript-package-delegator/cmd/uninstall.go:104.53,112.16 3 1
github.com/louiss0/javascript-package-delegator/cmd/uninstall.go:112.16,114.3 1 0
github.com/louiss0/javascript-package-delegator/cmd/uninstall.go:116.2,119.16 3 1
github.com/louiss0/javascript-package-delegator/cmd/uninstall.go:119.16,121.3 1 0
github.com/louiss0/javascript-package-delegator/cmd/uninstall.go:123.2,125.51 2 1
github.com/louiss0/javascript-package-delegator/cmd/uninstall.go:125.51,127.3 1 0
github.com/louiss0/javascript-package-delegator/cmd/uninstall.go:129.2,131.26 2 1
github.com/louiss0/javascript-package-delegator/cmd/uninstall.go:136.111,148.55 1 1
github.com/louiss0/javascript-package-delegator/cmd/uninstall.go:148.55,152.18 2 1
github.com/louiss0/javascript-package-delegator/cmd/uninstall.go:152.18,154.5 1 0
github.com/louiss0/javascript-package-delegator/cmd/uninstall.go:156.4,160.5 1 1
github.com/louiss0/javascript-package-delegator/cmd/uninstall.go:163.55,168.43 3 1
github.com/louiss0/javascript-package-delegator/cmd/uninstall.go:168.43,171.5 1 0
github.com/louiss0/javascript-package-delegator/cmd/uninstall.go:174.4,178.18 3 1
github.com/louiss0/javascript-package-delegator/cmd/uninstall.go:178.18,180.5 1 0
github.com/louiss0/javascript-package-delegator/cmd/uninstall.go:182.4,184.19 2 1
github.com/louiss0/javascript-package-delegator/cmd/uninstall.go:184.19,193.22 3 1
github.com/louiss0/javascript-package-delegator/cmd/uninstall.go:193.22,196.20 2 1
github.com/louiss0/javascript-package-delegator/cmd/uninstall.go:196.20,198.7 1 0
github.com/louiss0/javascript-package-delegator/cmd/uninstall.go:199.11,202.20 2 1
github.com/louiss0/javascript-package-delegator/cmd/uninstall.go:202.20,204.7 1 0
github.com/louiss0/javascript-package-delegator/cmd/uninstall.go:207.5,207.31 1 1
github.com/louiss0/javascript-package-delegator/cmd/uninstall.go:207.31,209.6 1 1
github.com/louiss0/javascript-package-delegator/cmd/uninstall.go:211.5,213.58 2 1
github.com/louiss0/javascript-package-delegator/cmd/uninstall.go:213.58,216.6 1 0
github.com/louiss0/javascript-package-delegator/cmd/uninstall.go:218.5,218.53 1 1
github.com/louiss0/javascript-package-delegator/cmd/uninstall.go:223.4,224.14 2 1
github.com/louiss0/javascript-package-delegator/cmd/uninstall.go:225.20,229.15 3 1
github.com/louiss0/javascript-package-delegator/cmd/uninstall.go:229.15,231.6 1 1
github.com/louiss0/javascript-package-delegator/cmd/uninstall.go:233.21,237.15 3 1
github.com/louiss0/javascript-package-delegator/cmd/uninstall.go:237.15,239.6 1 1
github.com/louiss0/javascript-package-delegator/cmd/uninstall.go:241.21,245.15 3 1
github.com/louiss0/javascript-package-delegator/cmd/uninstall.go:245.15,247.6 1 1
github.com/louiss0/javascript-package-delegator/cmd/uninstall.go:249.20,253.15 3 1
github.com/louiss0/javascript-package-delegator/cmd/uninstall.go:253.15,255.6 1 1
github.com/louiss0/javascript-package-delegator/cmd/uninstall.go:257.21,258.15 1 1
github.com/louiss0/javascript-package-delegator/cmd/uninstall.go:258.15,260.6 1 1
github.com/louiss0/javascript-package-delegator/cmd/uninstall.go:260.11,263.6 1 1
github.com/louiss0/javascript-package-delegator/cmd/uninstall.go:264.5,264.70 1 1
github.com/louiss0/javascript-package-delegator/cmd/uninstall.go:266.12,267.61 1 1
github.com/louiss0/javascript-package-delegator/cmd/uninstall.go:271.4,273.43 3 1
github.com/louiss0/javascript-package-delegator/cmd/uninstall.go:273.43,276.5 1 0
github.com/louiss0/javascript-package-delegator/cmd/uninstall.go:278.4,278.26 1 1
github.com/louiss0/javascript-package-delegator/cmd/uninstall.go:283.2,288.12 4 1
github.com/louiss0/javascript-package-delegator/cmd/update.go:32.36,45.55 1 1
github.com/louiss0/javascript-package-delegator/cmd/update.go:45.55,50.43 3 1
github.com/louiss0/javascript-package-delegator/cmd/update.go:50.43,53.5 1 0
github.com/louiss0/javascript-package-delegator/cmd/update.go:56.4,62.14 5 1
github.com/louiss0/javascript-package-delegator/cmd/update.go:63.15,64.20 1 1
github.com/louiss0/javascript-package-delegator/cmd/update.go:64.20,66.6 1 1
github.com/louiss0/javascript-package-delegator/cmd/update.go:67.5,67.23 1 1
github.com/louiss0/javascript-package-delegator/cmd/update.go:67.23,69.6 1 1
github.com/louiss0/javascript-package-delegator/cmd/update.go:69.11,72.6 2 1
github.com/louiss0/javascript-package-delegator/cmd/update.go:73.5,73.15 1 1
github.com/louiss0/javascript-package-delegator/cmd/update.go:73.15,75.6 1 1
github.com/louiss0/javascript-package-delegator/cmd/update.go:76.5,76.15 1 1
github.com/louiss0/javascript-package-delegator/cmd/update.go:76.15,78.23 1 1
github.com/louiss0/javascript-package-delegator/cmd/update.go:78.23,80.32 2 1
github.com/louiss0/javascript-package-delegator/cmd/update.go:80.32,82.8 1 1
github.com/louiss0/javascript-package-delegator/cmd/update.go:83.7,83.17 1 1
github.com/louiss0/javascript-package-delegator/cmd/update.go:83.17,85.8 1 1
github.com/louiss0/javascript-package-delegator/cmd/update.go:89.16,90.20 1 1
github.com/louiss0/javascript-package-delegator/cmd/update.go:90.20,92.23 2 1
github.com/louiss0/javascript-package-delegator/cmd/update.go:92.23,94.7 1 1
github.com/louiss0/javascript-package-delegator/cmd/update.go:95.11,96.24 1 1
github.com/louiss0/javascript-package-delegator/cmd/update.go:96.24,98.7 1 1
github.com/louiss0/javascript-package-delegator/cmd/update.go:98.12,101.7 2 1
github.com/louiss0/javascript-package-delegator/cmd/update.go:103.5,103.15 1 1
github.com/louiss0/javascript-package-delegator/cmd/update.go:103.15,105.6 1 1
github.com/louiss0/javascript-package-delegator/cmd/update.go:106.5,106.15 1 1
github.com/louiss0/javascript-package-delegator/cmd/update.go:106.15,108.6 1 1
github.com/louiss0/javascript-package-delegator/cmd/update.go:110.16,111.20 1 1
github.com/louiss0/javascript-package-delegator/cmd/update.go:111.20,113.23 2 1
github.com/louiss0/javascript-package-delegator/cmd/update.go:113.23,115.7 1 1
github.com/louiss0/javascript-package-delegator/cmd/update.go:117.11,119.24 1 1
github.com/louiss0/javascript-package-delegator/cmd/update.go:119.24,121.7 1 1
github.com/louiss0/javascript-package-delegator/cmd/update.go:121.12,124.7 2 1
github.com/louiss0/javascript-package-delegator/cmd/update.go:127.5,127.15 1 1
github.com/louiss0/javascript-package-delegator/cmd/update.go:127.15,129.6 1 1
github.com/louiss0/javascript-package-delegator/cmd/update.go:130.5,130.15 1 1
github.com/louiss0/javascript-package-delegator/cmd/update.go:130.15,132.6 1 1
github.com/louiss0/javascript-package-delegator/cmd/update.go:134.15,135.20 1 1
github.com/louiss0/javascript-package-delegator/cmd/update.go:135.20,137.6 1 1
github.com/louiss0/javascript-package-delegator/cmd/update.go:139.5,139.23 1 1
github.com/louiss0/javascript-package-delegator/cmd/update.go:139.23,141.6 1 1
github.com/louiss0/javascript-package-delegator/cmd/update.go:141.11,144.6 2 1
github.com/louiss0/javascript-package-delegator/cmd/update.go:146.5,146.15 1 1
github.com/louiss0/javascript-package-delegator/cmd/update.go:146.15,148.6 1 1
github.com/louiss0/javascript-package-delegator/cmd/update.go:149.5,149.15 1 1
github.com/louiss0/javascript-package-delegator/cmd/update.go:149.15,151.6 1 1
github.com/louiss0/javascript-package-delegator/cmd/update.go:153.16,156.20 2 1
github.com/louiss0/javascript-package-delegator/cmd/update.go:156.20,158.6 1 1
github.com/louiss0/javascript-package-delegator/cmd/update.go:160.5,160.15 1 1
github.com/louiss0/javascript-package-delegator/cmd/update.go:160.15,163.6 1 1
github.com/louiss0/javascript-package-delegator/cmd/update.go:165.5,165.15 1 1
github.com/louiss0/javascript-package-delegator/cmd/update.go:165.15,167.23 1 1
github.com/louiss0/javascript-package-delegator/cmd/update.go:167.23,173.7 2 1
github.com/louiss0/javascript-package-delegator/cmd/update.go:173.12,176.7 1 1
github.com/louiss0/javascript-package-delegator/cmd/update.go:180.12,181.61 1 1
github.com/louiss0/javascript-package-delegator/cmd/update.go:185.4,188.43 3 1
github.com/louiss0/javascript-package-delegator/cmd/update.go:188.43,191.5 1 0
github.com/louiss0/javascript-package-delegator/cmd/update.go:192.4,192.26 1 1
github.com/louiss0/javascript-package-delegator/cmd/update.go:197.2,201.12 4 1
github.com/louiss0/javascript-package-delegator/custom_errors/root.go:21.36,25.38 2 1
github.com/louiss0/javascript-package-delegator/custom_errors/root.go:25.38,27.3 1 0
github.com/louiss0/javascript-package-delegator/custom_errors/root.go:29.2,29.12 1 1
github.com/louiss0/javascript-package-delegator/custom_errors/root.go:34.87,36.41 1 1
github.com/louiss0/javascript-package-delegator/custom_errors/root.go:36.41,38.3 1 0
github.com/louiss0/javascript-package-delegator/custom_errors/root.go:40.2,40.63 1 1
github.com/louiss0/javascript-package-delegator/custom_errors/root.go:45.72,49.2 1 1
github.com/louiss0/javascript-package-delegator/custom_flags/root.go:23.44,27.2 1 1
github.com/louiss0/javascript-package-delegator/custom_flags/root.go:30.35,32.2 1 1
github.com/louiss0/javascript-package-delegator/custom_flags/root.go:35.44,37.71 1 1
github.com/louiss0/javascript-package-delegator/custom_flags/root.go:37.71,39.3 1 1
github.com/louiss0/javascript-package-delegator/custom_flags/root.go:49.2,52.16 3 1
github.com/louiss0/javascript-package-delegator/custom_flags/root.go:52.16,55.3 1 0
github.com/louiss0/javascript-package-delegator/custom_flags/root.go:57.2,57.12 1 1
github.com/louiss0/javascript-package-delegator/custom_flags/root.go:57.12,59.3 1 1
github.com/louiss0/javascript-package-delegator/custom_flags/root.go:61.2,62.12 2 1
github.com/louiss0/javascript-package-delegator/custom_flags/root.go:66.33,68.2 1 1
github.com/louiss0/javascript-package-delegator/custom_flags/root.go:77.58,81.2 1 1
github.com/louiss0/javascript-package-delegator/custom_flags/root.go:84.42,86.2 1 1
github.com/louiss0/javascript-package-delegator/custom_flags/root.go:89.51,93.18 2 1
github.com/louiss0/javascript-package-delegator/custom_flags/root.go:93.18,95.3 1 0
github.com/louiss0/javascript-package-delegator/custom_flags/root.go:97.2,97.11 1 1
github.com/louiss0/javascript-package-delegator/custom_flags/root.go:97.11,102.3 1 0
github.com/louiss0/javascript-package-delegator/custom_flags/root.go:104.2,105.12 2 1
github.com/louiss0/javascript-package-delegator/custom_flags/root.go:109.40,111.2 1 1
github.com/louiss0/javascript-package-delegator/custom_flags/root.go:120.44,124.2 1 0
github.com/louiss0/javascript-package-delegator/custom_flags/root.go:127.35,129.2 1 0
github.com/louiss0/javascript-package-delegator/custom_flags/root.go:132.44,136.18 2 0
github.com/louiss0/javascript-package-delegator/custom_flags/root.go:136.18,138.3 1 0
github.com/louiss0/javascript-package-delegator/custom_flags/root.go:140.2,140.61 1 0
github.com/louiss0/javascript-package-delegator/custom_flags/root.go:140.61,146.3 1 0
github.com/louiss0/javascript-package-delegator/custom_flags/root.go:147.2,148.12 2 0
github.com/louiss0/javascript-package-delegator/custom_flags/root.go:152.33,154.2 1 0
github.com/louiss0/javascript-package-delegator/custom_flags/root.go:157.32,160.2 2 0
github.com/louiss0/javascript-package-delegator/custom_flags/root.go:170.70,175.2 1 0
github.com/louiss0/javascript-package-delegator/custom_flags/root.go:178.39,180.2 1 0
github.com/louiss0/javascript-package-delegator/custom_flags/root.go:183.48,187.18 2 0
github.com/louiss0/javascript-package-delegator/custom_flags/root.go:187.18,189.3 1 0
github.com/louiss0/javascript-package-delegator/custom_flags/root.go:191.2,191.54 1 0
github.com/louiss0/javascript-package-delegator/custom_flags/root.go:191.54,198.3 1 0
github.com/louiss0/javascript-package-delegator/custom_flags/root.go:199.2,200.12 2 0
github.com/louiss0/javascript-package-delegator/custom_flags/root.go:204.37,206.2 1 0
github.com/louiss0/javascript-package-delegator/custom_flags/root.go:215.60,217.15 1 0
github.com/louiss0/javascript-package-delegator/custom_flags/root.go:217.15,218.37 1 0
github.com/louiss0/javascript-package-delegator/custom_flags/root.go:221.2,221.24 1 0
github.com/louiss0/javascript-package-delegator/custom_flags/root.go:221.24,222.44 1 0
github.com/louiss0/javascript-package-delegator/custom_flags/root.go:225.2,225.15 1 0
github.com/louiss0/javascript-package-delegator/custom_flags/root.go:225.15,226.37 1 0
github.com/louiss0/javascript-package-delegator/custom_flags/root.go:229.2,229.24 1 0
github.com/louiss0/javascript-package-delegator/custom_flags/root.go:229.24,230.44 1 0
github.com/louiss0/javascript-package-delegator/custom_flags/root.go:233.2,237.3 1 0
github.com/louiss0/javascript-package-delegator/custom_flags/root.go:241.39,243.2 1 0
github.com/louiss0/javascript-package-delegator/custom_flags/root.go:246.35,248.2 1 0
github.com/louiss0/javascript-package-delegator/custom_flags/root.go:251.48,255.18 2 0
github.com/louiss0/javascript-package-delegator/custom_flags/root.go:255.18,257.3 1 0
github.com/louiss0/javascript-package-delegator/custom_flags/root.go:259.2,259.11 1 0
github.com/louiss0/javascript-package-delegator/custom_flags/root.go:259.11,261.39 2 0
github.com/louiss0/javascript-package-delegator/custom_flags/root.go:261.39,268.4 1 0
github.com/louiss0/javascript-package-delegator/custom_flags/root.go:269.3,270.13 2 0
github.com/louiss0/javascript-package-delegator/custom_flags/root.go:273.2,278.3 1 0
github.com/louiss0/javascript-package-delegator/custom_flags/root.go:282.37,284.2 1 0
github.com/louiss0/javascript-package-delegator/detect/root.go:22.63,24.2 1 0
github.com/louiss0/javascript-package-delegator/detect/root.go:36.64,38.2 1 0
github.com/louiss0/javascript-package-delegator/detect/root.go:41.49,43.2 1 0
github.com/louiss0/javascript-package-delegator/detect/root.go:77.67,81.16 2 1
github.com/louiss0/javascript-package-delegator/detect/root.go:81.16,83.3 1 1
github.com/louiss0/javascript-package-delegator/detect/root.go:85.2,85.37 1 1
github.com/louiss0/javascript-package-delegator/detect/root.go:85.37,90.17 2 1
github.com/louiss0/javascript-package-delegator/detect/root.go:90.17,92.4 1 1
github.com/louiss0/javascript-package-delegator/detect/root.go:97.2,97.45 1 1
github.com/louiss0/javascript-package-delegator/detect/root.go:104.68,106.53 1 1
github.com/louiss0/javascript-package-delegator/detect/root.go:106.53,107.57 1 1
github.com/louiss0/javascript-package-delegator/detect/root.go:107.57,109.4 1 1
github.com/louiss0/javascript-package-delegator/detect/root.go:112.2,112.32 1 1
github.com/louiss0/javascript-package-delegator/detect/root.go:126.129,128.50 1 1
github.com/louiss0/javascript-package-delegator/detect/root.go:128.50,132.3 1 1
github.com/louiss0/javascript-package-delegator/detect/root.go:134.2,138.16 3 1
github.com/louiss0/javascript-package-delegator/detect/root.go:138.16,140.37 1 1
github.com/louiss0/javascript-package-delegator/detect/root.go:140.37,142.4 1 1
github.com/louiss0/javascript-package-delegator/detect/root.go:143.3,143.17 1 1
github.com/louiss0/javascript-package-delegator/detect/root.go:146.2,146.34 1 1
github.com/louiss0/javascript-package-delegator/detect/root.go:157.69,162.2 1 1
github.com/louiss0/javascript-package-delegator/detect/root.go:164.64,168.18 2 0
github.com/louiss0/javascript-package-delegator/detect/root.go:168.18,171.3 1 0
github.com/louiss0/javascript-package-delegator/detect/root.go:173.2,173.28 1 0
github.com/louiss0/javascript-package-delegator/detect/root.go:177.87,181.18 2 1
github.com/louiss0/javascript-package-delegator/detect/root.go:181.18,184.3 1 1
github.com/louiss0/javascript-package-delegator/detect/root.go:186.2,186.20 1 1
github.com/louiss0/javascript-package-delegator/detect/root.go:195.46,199.16 2 1
github.com/louiss0/javascript-package-delegator/detect/root.go:199.16,201.3 1 1
github.com/louiss0/javascript-package-delegator/detect/root.go:203.2,203.13 1 1
github.com/louiss0/javascript-package-delegator/env/root.go:12.32,14.2 1 1
github.com/louiss0/javascript-package-delegator/env/root.go:23.32,26.54 2 1
github.com/louiss0/javascript-package-delegator/env/root.go:26.54,29.3 1 0
github.com/louiss0/javascript-package-delegator/env/root.go:31.2,31.30 1 1
github.com/louiss0/javascript-package-delegator/env/root.go:34.34,36.2 1 0
github.com/louiss0/javascript-package-delegator/env/root.go:38.35,41.2 1 0
github.com/louiss0/javascript-package-delegator/env/root.go:43.43,45.2 1 1
github.com/louiss0/javascript-package-delegator/env/root.go:47.42,49.2 1 1
github.com/louiss0/javascript-package-delegator/env/root.go:51.55,53.28 1 1
github.com/louiss0/javascript-package-delegator/env/root.go:53.28,56.3 1 0
github.com/louiss0/javascript-package-delegator/main.go:26.13,28.2 1 0
github.com/louiss0/javascript-package-delegator/services/npm-registry.go:38.49,45.2 1 1
github.com/louiss0/javascript-package-delegator/services/npm-registry.go:49.100,54.2 1 1
github.com/louiss0/javascript-package-delegator/services/npm-registry.go:76.88,77.19 1 1
github.com/louiss0/javascript-package-delegator/services/npm-registry.go:77.19,79.3 1 1
github.com/louiss0/javascript-package-delegator/services/npm-registry.go:83.2,87.16 3 1
github.com/louiss0/javascript-package-delegator/services/npm-registry.go:87.16,89.3 1 0
github.com/louiss0/javascript-package-delegator/services/npm-registry.go:91.2,92.16 2 1
github.com/louiss0/javascript-package-delegator/services/npm-registry.go:92.16,94.3 1 1
github.com/louiss0/javascript-package-delegator/services/npm-registry.go:95.2,97.38 2 1
github.com/louiss0/javascript-package-delegator/services/npm-registry.go:97.38,100.3 2 1
github.com/louiss0/javascript-package-delegator/services/npm-registry.go:102.2,103.16 2 1
github.com/louiss0/javascript-package-delegator/services/npm-registry.go:103.16,105.3 1 0
github.com/louiss0/javascript-package-delegator/services/npm-registry.go:107.2,108.63 2 1
github.com/louiss0/javascript-package-delegator/services/npm-registry.go:108.63,110.3 1 1
github.com/louiss0/javascript-package-delegator/services/npm-registry.go:114.2,125.24 1 1
github.com/louiss0/javascript-package-delegator/services/npm-registry.go:125.24,128.21 3 1
github.com/louiss0/javascript-package-delegator/services/npm-registry.go:128.21,130.4 1 1
github.com/louiss0/javascript-package-delegator/services/npm-registry.go:131.3,131.21 1 1
github.com/louiss0/javascript-package-delegator/services/npm-registry.go:131.21,133.4 1 1
github.com/louiss0/javascript-package-delegator/services/npm-registry.go:135.3,140.4 1 1
github.com/louiss0/javascript-package-delegator/services/npm-registry.go:143.2,143.22 1 1
